  AuxiliaryFunctionalLine.cpp
AuxiliaryFunctionalLine.cpp(43): warning C4244: '=': conversion from 'double' to 'int', possible loss of data
AuxiliaryFunctionalLine.cpp(45): warning C4244: '=': conversion from 'double' to 'int', possible loss of data
AuxiliaryFunctionalLine.cpp(46): warning C4244: '=': conversion from 'double' to 'int', possible loss of data
AuxiliaryFunctionalLine.cpp(69): warning C4244: '=': conversion from 'double' to 'int', possible loss of data
AuxiliaryFunctionalLine.cpp(70): warning C4244: '=': conversion from 'double' to 'int', possible loss of data
AuxiliaryFunctionalLine.cpp(71): warning C4244: '=': conversion from 'double' to 'int', possible loss of data
AuxiliaryFunctionalLine.cpp(72): warning C4244: '=': conversion from 'double' to 'int', possible loss of data
AuxiliaryFunctionalLine.cpp(73): warning C4244: '=': conversion from 'double' to 'int', possible loss of data
AuxiliaryFunctionalLine.cpp(74): warning C4244: '=': conversion from 'double' to 'int', possible loss of data
  CreatLine.cpp
CreatLine.cpp(47): warning C4390: ';': empty controlled statement found; is this the intent?
  FunctionalLine.cpp
FunctionalLine.cpp(76): warning C4018: '<': signed/unsigned mismatch
FunctionalLine.cpp(158): warning C4018: '<': signed/unsigned mismatch
FunctionalLine.cpp(202): warning C4018: '<': signed/unsigned mismatch
FunctionalLine.cpp(203): warning C4018: '<': signed/unsigned mismatch
FunctionalLine.cpp(307): warning C4018: '<': signed/unsigned mismatch
  FunctionalPoint.cpp
FunctionalPoint.cpp(47): warning C4244: '=': conversion from 'double' to 'int', possible loss of data
FunctionalPoint.cpp(48): warning C4244: '=': conversion from 'double' to 'int', possible loss of data
FunctionalPoint.cpp(124): warning C4244: '=': conversion from 'double' to 'int', possible loss of data
FunctionalPoint.cpp(133): warning C4244: '=': conversion from 'double' to 'int', possible loss of data
FunctionalPoint.cpp(141): warning C4244: '=': conversion from 'double' to 'int', possible loss of data
FunctionalPoint.cpp(150): warning C4244: '=': conversion from 'double' to 'int', possible loss of data
FunctionalPoint.cpp(162): warning C4244: '=': conversion from 'double' to 'int', possible loss of data
FunctionalPoint.cpp(164): warning C4244: '=': conversion from 'double' to 'int', possible loss of data
FunctionalPoint.cpp(171): warning C4244: '=': conversion from 'double' to 'int', possible loss of data
FunctionalPoint.cpp(179): warning C4244: '=': conversion from 'double' to 'int', possible loss of data
FunctionalPoint.cpp(181): warning C4244: '=': conversion from 'double' to 'int', possible loss of data
FunctionalPoint.cpp(188): warning C4244: '=': conversion from 'double' to 'int', possible loss of data
FunctionalPoint.cpp(200): warning C4244: '=': conversion from 'double' to 'int', possible loss of data
FunctionalPoint.cpp(209): warning C4244: '=': conversion from 'double' to 'int', possible loss of data
FunctionalPoint.cpp(217): warning C4244: '=': conversion from 'double' to 'int', possible loss of data
FunctionalPoint.cpp(226): warning C4244: '=': conversion from 'double' to 'int', possible loss of data
FunctionalPoint.cpp(238): warning C4244: '=': conversion from 'double' to 'int', possible loss of data
FunctionalPoint.cpp(240): warning C4244: '=': conversion from 'double' to 'int', possible loss of data
FunctionalPoint.cpp(247): warning C4244: '=': conversion from 'double' to 'int', possible loss of data
FunctionalPoint.cpp(255): warning C4244: '=': conversion from 'double' to 'int', possible loss of data
FunctionalPoint.cpp(257): warning C4244: '=': conversion from 'double' to 'int', possible loss of data
FunctionalPoint.cpp(264): warning C4244: '=': conversion from 'double' to 'int', possible loss of data
  OpenGl_ 1.cpp
c:\users\roman\documents\github\myreposit\1\opengl_ 1\MainFunctional.h(46): warning C4018: '<': signed/unsigned mismatch
c:\users\roman\documents\github\myreposit\1\opengl_ 1\MainFunctional.h(50): warning C4018: '<': signed/unsigned mismatch
  Generating code
  18 of 377 functions ( 4.8%) were compiled, the rest were copied from previous compilation.
    1 functions were new in current compilation
    8 functions had inline decision re-evaluated but remain unchanged
  Finished generating code
  OpenGl_ 1.vcxproj -> C:\Users\Roman\Documents\GitHub\MyReposit\1\Release\OpenGl_ 1.exe
  OpenGl_ 1.vcxproj -> C:\Users\Roman\Documents\GitHub\MyReposit\1\Release\OpenGl_ 1.pdb (Full PDB)
